<?xml version="1.0" encoding="UTF-8"?>
<!-- Generated by org.testng.reporters.JUnitReportReporter -->
<testsuite skipped="0" hostname="P2B-6BY9NK2" name="seleniumAccenture.Demo04_javascripteexcutor" tests="1" failures="0" timestamp="08 Sep 2018 07:18:37 GMT" time="5.664" errors="0">
  <testcase name="f" time="5.664" classname="seleniumAccenture.Demo04_javascripteexcutor"/>
</testsuite> <!-- seleniumAccenture.Demo04_javascripteexcutor -->
