<?xml version="1.0" encoding="UTF-8"?>
<!-- Generated by org.testng.reporters.JUnitReportReporter -->
<testsuite skipped="0" hostname="P2B-6BY9NK2" name="seleniumAccenture.Demo07_dataDrivenExcel" tests="1" failures="0" timestamp="09 Sep 2018 03:47:53 GMT" time="12.267" errors="0">
  <testcase name="dataExcel" time="12.267" classname="seleniumAccenture.Demo07_dataDrivenExcel"/>
</testsuite> <!-- seleniumAccenture.Demo07_dataDrivenExcel -->
