<?xml version="1.0" encoding="UTF-8"?>
<!-- Generated by org.testng.reporters.JUnitReportReporter -->
<testsuite skipped="0" hostname="P2B-6BY9NK2" name="seleniumAccenture.Demo03_Screenshot" tests="1" failures="0" timestamp="08 Sep 2018 07:07:15 GMT" time="4.757" errors="0">
  <testcase name="f" time="4.757" classname="seleniumAccenture.Demo03_Screenshot"/>
</testsuite> <!-- seleniumAccenture.Demo03_Screenshot -->
