<?xml version="1.0" encoding="UTF-8"?>
<!-- Generated by org.testng.reporters.JUnitReportReporter -->
<testsuite skipped="1" hostname="P2B-6BY9NK2" name="seleniumAccenture.Demo01_Accenture" tests="2" failures="0" timestamp="08 Sep 2018 06:20:19 GMT" time="0.763" errors="0">
  <testcase name="demoRobot" time="0.763" classname="seleniumAccenture.Demo01_Accenture"/>
  <testcase name="f" classname="seleniumAccenture.Demo01_Accenture">
    <skipped/>
  </testcase> <!-- f -->
</testsuite> <!-- seleniumAccenture.Demo01_Accenture -->
