<?xml version="1.0" encoding="UTF-8"?>
<!-- Generated by org.testng.reporters.JUnitReportReporter -->
<testsuite skipped="0" hostname="P2B-6BY9NK2" name="seleniumAccenture.Demo06_SeleniumGrid" tests="1" failures="0" timestamp="08 Sep 2018 09:35:29 GMT" time="5.628" errors="0">
  <testcase name="f" time="5.628" classname="seleniumAccenture.Demo06_SeleniumGrid"/>
</testsuite> <!-- seleniumAccenture.Demo06_SeleniumGrid -->
