<?xml version="1.0" encoding="UTF-8"?>
<!-- Generated by org.testng.reporters.JUnitReportReporter -->
<testsuite skipped="0" hostname="P2B-6BY9NK2" name="seleniumAccenture.Demo05_Cookies" tests="1" failures="0" timestamp="08 Sep 2018 07:37:00 GMT" time="6.142" errors="0">
  <testcase name="f" time="6.142" classname="seleniumAccenture.Demo05_Cookies"/>
</testsuite> <!-- seleniumAccenture.Demo05_Cookies -->
