<?xml version="1.0" encoding="UTF-8"?>
<!-- Generated by org.testng.reporters.JUnitReportReporter -->
<testsuite skipped="0" hostname="P2B-6BY9NK2" name="com.acc.tests.LoginTest" tests="1" failures="0" timestamp="09 Sep 2018 05:46:47 GMT" time="7.484" errors="0">
  <testcase name="logintest" time="7.484" classname="com.acc.tests.LoginTest"/>
</testsuite> <!-- com.acc.tests.LoginTest -->
